Using pre-set license
Built from '2020.2/release' branch; Version is '2020.2.1f1 (270dd8c3da1c) revision 2559448'; Using compiler version '192528614'; Build Type 'Release'
OS: 'Windows 10  (10.0.0) 64bit' Language: 'sv' Physical Memory: 16254 MB
BatchMode: 1, IsHumanControllingUs: 0, StartBugReporterOnCrash: 0, Is64bit: 1, IsPro: 0

 COMMAND LINE ARGUMENTS:
C:\Program Files\Unity\Hub\Editor\2020.2.1f1\Editor\Unity.exe
-adb2
-batchMode
-noUpm
-name
AssetImportWorker0
-projectPath
C:/projekt/DigitaltProjekt
-logFile
Logs/AssetImportWorker0.log
-srvPort
<<<<<<< HEAD
62627
Successfully changed project path to: C:/Users/philip.haglund/Documents/GitHub/DigitaltProjekt
C:/Users/philip.haglund/Documents/GitHub/DigitaltProjekt
Using Asset Import Pipeline V2.
Refreshing native plugins compatible for Editor in 23.55 ms, found 0 plugins.
=======
61884
Successfully changed project path to: C:/projekt/DigitaltProjekt
C:/projekt/DigitaltProjekt
Using Asset Import Pipeline V2.
Refreshing native plugins compatible for Editor in 27.75 ms, found 0 plugins.
>>>>>>> a0ba3f61a66ff5225cee1a8a0c77c4f011f83eb8
Preloading 0 native plugins for Editor in 0.00 ms.
Initialize engine version: 2020.2.1f1 (270dd8c3da1c)
[Subsystems] Discovering subsystems at path C:/Program Files/Unity/Hub/Editor/2020.2.1f1/Editor/Data/Resources/UnitySubsystems
[Subsystems] Discovering subsystems at path C:/projekt/DigitaltProjekt/Assets
GfxDevice: creating device client; threaded=0
Direct3D:
    Version:  Direct3D 11.0 [level 11.1]
    Renderer: NVIDIA GeForce MX250 (ID=0x1d13)
    Vendor:   
    VRAM:     1983 MB
    Driver:   25.21.14.2525
Initialize mono
Mono path[0] = 'C:/Program Files/Unity/Hub/Editor/2020.2.1f1/Editor/Data/Managed'
Mono path[1] = 'C:/Program Files/Unity/Hub/Editor/2020.2.1f1/Editor/Data/MonoBleedingEdge/lib/mono/unityjit'
Mono config path = 'C:/Program Files/Unity/Hub/Editor/2020.2.1f1/Editor/Data/MonoBleedingEdge/etc'
<<<<<<< HEAD
Using monoOptions --debugger-agent=transport=dt_socket,embedding=1,server=y,suspend=n,address=127.0.0.1:56588
Begin MonoManager ReloadAssembly
Registering precompiled unity dll's ...
Register platform support module: C:/Program Files/Unity/Hub/Editor/2020.2.1f1/Editor/Data/PlaybackEngines/WindowsStandaloneSupport/UnityEditor.WindowsStandalone.Extensions.dll
Registered in 0.001559 seconds.
Native extension for WindowsStandalone target not found
Refreshing native plugins compatible for Editor in 36.74 ms, found 0 plugins.
=======
Using monoOptions --debugger-agent=transport=dt_socket,embedding=1,server=y,suspend=n,address=127.0.0.1:56488
Begin MonoManager ReloadAssembly
Registering precompiled unity dll's ...
Register platform support module: C:/Program Files/Unity/Hub/Editor/2020.2.1f1/Editor/Data/PlaybackEngines/WindowsStandaloneSupport/UnityEditor.WindowsStandalone.Extensions.dll
Registered in 0.001265 seconds.
Native extension for WindowsStandalone target not found
Refreshing native plugins compatible for Editor in 23.31 ms, found 0 plugins.
>>>>>>> a0ba3f61a66ff5225cee1a8a0c77c4f011f83eb8
Preloading 0 native plugins for Editor in 0.00 ms.
Invoked RoslynAnalysisRunner static constructor.
RoslynAnalysisRunner will not be running.
RoslynAnalysisRunner has terminated.
Mono: successfully reloaded assembly
<<<<<<< HEAD
- Completed reload, in  1.245 seconds
Platform modules already initialized, skipping
Registering precompiled user dll's ...
Registered in 0.000794 seconds.
Begin MonoManager ReloadAssembly
Native extension for WindowsStandalone target not found
Refreshing native plugins compatible for Editor in 0.42 ms, found 0 plugins.
=======
- Completed reload, in  0.991 seconds
Platform modules already initialized, skipping
Registering precompiled user dll's ...
Registered in 0.000532 seconds.
Begin MonoManager ReloadAssembly
Native extension for WindowsStandalone target not found
Refreshing native plugins compatible for Editor in 0.21 ms, found 0 plugins.
>>>>>>> a0ba3f61a66ff5225cee1a8a0c77c4f011f83eb8
Preloading 0 native plugins for Editor in 0.00 ms.
Invoked RoslynAnalysisRunner static constructor.
RoslynAnalysisRunner will not be running.
RoslynAnalysisRunner has terminated.
Mono: successfully reloaded assembly
<<<<<<< HEAD
- Completed reload, in  1.308 seconds
Platform modules already initialized, skipping
========================================================================
Worker process is ready to serve import requests
Launched and connected shader compiler UnityShaderCompiler.exe after 0.07 seconds
Refreshing native plugins compatible for Editor in 0.38 ms, found 0 plugins.
=======
- Completed reload, in  0.818 seconds
Platform modules already initialized, skipping
========================================================================
Worker process is ready to serve import requests
Launched and connected shader compiler UnityShaderCompiler.exe after 0.05 seconds
Refreshing native plugins compatible for Editor in 0.32 ms, found 0 plugins.
>>>>>>> a0ba3f61a66ff5225cee1a8a0c77c4f011f83eb8
Preloading 0 native plugins for Editor in 0.00 ms.
Unloading 1098 Unused Serialized files (Serialized files now loaded: 0)
System memory in use before: 57.4 MB.
System memory in use after: 57.5 MB.

Unloading 9 unused Assets to reduce memory usage. Loaded Objects now: 1543.
<<<<<<< HEAD
Total: 3.155800 ms (FindLiveObjects: 0.388500 ms CreateObjectMapping: 0.094400 ms MarkObjects: 2.599200 ms  DeleteObjects: 0.071800 ms)

========================================================================
Received Import Request.
  path: Assets/Scripts/Item.cs
  artifactKey: Guid(9ea2214f9ffca9643be36a344f97a762) Importer(815301076,1909f56bfc062723c751e8b465ee728b)
Start importing Assets/Scripts/Item.cs using Guid(9ea2214f9ffca9643be36a344f97a762) Importer(815301076,1909f56bfc062723c751e8b465ee728b)  -> (artifact id: 'deb97fa59a44cb375f5305b959facf2d') in 0.046251 seconds
  Import took 0.048756 seconds .

========================================================================
Received Import Request.
  Time since last request: 40.680693 seconds.
  path: Assets/Scripts/Inventory.cs
  artifactKey: Guid(1db0cf6a6efd0c843b65e02bc7fd6bb8) Importer(815301076,1909f56bfc062723c751e8b465ee728b)
Start importing Assets/Scripts/Inventory.cs using Guid(1db0cf6a6efd0c843b65e02bc7fd6bb8) Importer(815301076,1909f56bfc062723c751e8b465ee728b)  -> (artifact id: '0484cedf3851e78ee3ac87bada62da06') in 0.014166 seconds
  Import took 0.016613 seconds .

========================================================================
Received Import Request.
  Time since last request: 0.026590 seconds.
  path: Assets/Scripts/Inventory.cs
  artifactKey: Guid(1db0cf6a6efd0c843b65e02bc7fd6bb8) Importer(815301076,1909f56bfc062723c751e8b465ee728b)
Start importing Assets/Scripts/Inventory.cs using Guid(1db0cf6a6efd0c843b65e02bc7fd6bb8) Importer(815301076,1909f56bfc062723c751e8b465ee728b)  -> (artifact id: '0484cedf3851e78ee3ac87bada62da06') in 0.004732 seconds
  Import took 0.007572 seconds .

========================================================================
Received Prepare
Registering precompiled user dll's ...
Registered in 0.000614 seconds.
Begin MonoManager ReloadAssembly
Native extension for WindowsStandalone target not found
Refreshing native plugins compatible for Editor in 0.24 ms, found 0 plugins.
Preloading 0 native plugins for Editor in 0.00 ms.
Invoked RoslynAnalysisRunner static constructor.
RoslynAnalysisRunner will not be running.
RoslynAnalysisRunner has terminated.
Mono: successfully reloaded assembly
- Completed reload, in  0.817 seconds
Platform modules already initialized, skipping
Refreshing native plugins compatible for Editor in 0.20 ms, found 0 plugins.
Preloading 0 native plugins for Editor in 0.00 ms.
Unloading 1091 Unused Serialized files (Serialized files now loaded: 0)
System memory in use before: 57.4 MB.
System memory in use after: 57.5 MB.

Unloading 4 unused Assets to reduce memory usage. Loaded Objects now: 1545.
Total: 1.573500 ms (FindLiveObjects: 0.130800 ms CreateObjectMapping: 0.065900 ms MarkObjects: 1.361000 ms  DeleteObjects: 0.014500 ms)

========================================================================
Received Import Request.
  Time since last request: 1035.495517 seconds.
  path: Assets/Scripts/ThreadedDataRequester.cs
  artifactKey: Guid(60765b39c6679414382a47b20bd4a882) Importer(815301076,1909f56bfc062723c751e8b465ee728b)
Start importing Assets/Scripts/ThreadedDataRequester.cs using Guid(60765b39c6679414382a47b20bd4a882) Importer(815301076,1909f56bfc062723c751e8b465ee728b)  -> (artifact id: 'f7e988e35f10e03e5b2284dd95811c06') in 0.011176 seconds
  Import took 0.013589 seconds .

========================================================================
Received Import Request.
  Time since last request: 0.457532 seconds.
  path: Assets/Scripts/MapPreview.cs
  artifactKey: Guid(3949029a2149e4d748707cec868ce059) Importer(815301076,1909f56bfc062723c751e8b465ee728b)
Start importing Assets/Scripts/MapPreview.cs using Guid(3949029a2149e4d748707cec868ce059) Importer(815301076,1909f56bfc062723c751e8b465ee728b)  -> (artifact id: '8b99bc4988997e535764613107893cc2') in 0.011048 seconds
  Import took 0.013169 seconds .

========================================================================
Received Import Request.
  Time since last request: 0.008136 seconds.
  path: Assets/Scripts/MapPreview.cs
  artifactKey: Guid(3949029a2149e4d748707cec868ce059) Importer(815301076,1909f56bfc062723c751e8b465ee728b)
Start importing Assets/Scripts/MapPreview.cs using Guid(3949029a2149e4d748707cec868ce059) Importer(815301076,1909f56bfc062723c751e8b465ee728b)  -> (artifact id: '8b99bc4988997e535764613107893cc2') in 0.003917 seconds
  Import took 0.006369 seconds .

========================================================================
Received Import Request.
  Time since last request: 1.204164 seconds.
  path: Assets/Scripts/HideOnPlay.cs
  artifactKey: Guid(7712ca4b498404cc5931aea5ebc20f51) Importer(815301076,1909f56bfc062723c751e8b465ee728b)
Start importing Assets/Scripts/HideOnPlay.cs using Guid(7712ca4b498404cc5931aea5ebc20f51) Importer(815301076,1909f56bfc062723c751e8b465ee728b)  -> (artifact id: '3687e9a1b915f5df77583668af93aa05') in 0.008344 seconds
  Import took 0.010387 seconds .

========================================================================
Received Import Request.
  Time since last request: 0.887817 seconds.
  path: Assets/Scripts/FalloffGenerator.cs
  artifactKey: Guid(94ecc0bec425d4c9a94a55c7bc8f1fea) Importer(815301076,1909f56bfc062723c751e8b465ee728b)
Start importing Assets/Scripts/FalloffGenerator.cs using Guid(94ecc0bec425d4c9a94a55c7bc8f1fea) Importer(815301076,1909f56bfc062723c751e8b465ee728b)  -> (artifact id: '352a4e84f7bef77fce488bb06944ca33') in 0.008258 seconds
  Import took 0.010469 seconds .

========================================================================
Received Import Request.
  Time since last request: 0.285788 seconds.
  path: Assets/Scripts/HeightMapGenerator.cs
  artifactKey: Guid(80a00a52d74ab4bd499aab44a48fb9c2) Importer(815301076,1909f56bfc062723c751e8b465ee728b)
Start importing Assets/Scripts/HeightMapGenerator.cs using Guid(80a00a52d74ab4bd499aab44a48fb9c2) Importer(815301076,1909f56bfc062723c751e8b465ee728b)  -> (artifact id: '5c3cc40c6eccddfa1dd7de702e68caa9') in 0.008301 seconds
  Import took 0.010419 seconds .

========================================================================
Received Import Request.
  Time since last request: 0.423064 seconds.
  path: Assets/Scripts/Noise.cs
  artifactKey: Guid(d4ed0d0ddb42c4af290db1cea4b1264f) Importer(815301076,1909f56bfc062723c751e8b465ee728b)
Start importing Assets/Scripts/Noise.cs using Guid(d4ed0d0ddb42c4af290db1cea4b1264f) Importer(815301076,1909f56bfc062723c751e8b465ee728b)  -> (artifact id: '3e7f827dde5827dffb0cff8356eaf908') in 0.009130 seconds
  Import took 0.011645 seconds .

========================================================================
Received Import Request.
  Time since last request: 0.350032 seconds.
  path: Assets/Scripts/Terrain.shader
  artifactKey: Guid(e9c611933fe9745ebbd2c506d7711c71) Importer(815301076,1909f56bfc062723c751e8b465ee728b)
Start importing Assets/Scripts/Terrain.shader using Guid(e9c611933fe9745ebbd2c506d7711c71) Importer(815301076,1909f56bfc062723c751e8b465ee728b)  -> (artifact id: '0ccf72123f88408c69f150de1278936e') in 0.017613 seconds
  Import took 0.020052 seconds .

========================================================================
Received Import Request.
  Time since last request: 2.531075 seconds.
  path: Assets/Scripts/Terrain.shader
  artifactKey: Guid(e9c611933fe9745ebbd2c506d7711c71) Importer(815301076,1909f56bfc062723c751e8b465ee728b)
Start importing Assets/Scripts/Terrain.shader using Guid(e9c611933fe9745ebbd2c506d7711c71) Importer(815301076,1909f56bfc062723c751e8b465ee728b)  -> (artifact id: '0ccf72123f88408c69f150de1278936e') in 0.002995 seconds
  Import took 0.004967 seconds .

========================================================================
Received Import Request.
  Time since last request: 0.282432 seconds.
  path: Assets/Scripts/MeshGenerator.cs
  artifactKey: Guid(7939d15f4beb24a65bc949a0e3c02d5e) Importer(815301076,1909f56bfc062723c751e8b465ee728b)
Start importing Assets/Scripts/MeshGenerator.cs using Guid(7939d15f4beb24a65bc949a0e3c02d5e) Importer(815301076,1909f56bfc062723c751e8b465ee728b)  -> (artifact id: 'cf9a729d009aaf08e93cc5ce36958daa') in 0.007824 seconds
  Import took 0.009984 seconds .

========================================================================
Received Import Request.
  Time since last request: 1205.655505 seconds.
  path: Assets/Standard Assets/Characters/FirstPersonCharacter/Prefabs/RigidBodyFPSController.prefab
  artifactKey: Guid(c6453f8e1f814744d8b94e5a6d1f9942) Importer(815301076,1909f56bfc062723c751e8b465ee728b)
Start importing Assets/Standard Assets/Characters/FirstPersonCharacter/Prefabs/RigidBodyFPSController.prefab using Guid(c6453f8e1f814744d8b94e5a6d1f9942) Importer(815301076,1909f56bfc062723c751e8b465ee728b)  -> (artifact id: '008250380a2f65449929b36dd8246292') in 0.037171 seconds
  Import took 0.042787 seconds .

========================================================================
Received Import Request.
  Time since last request: 22.611811 seconds.
  path: Assets/Scripts/CharacterController.cs
  artifactKey: Guid(b444447d83914ad4caaaf50c0529c0db) Importer(815301076,1909f56bfc062723c751e8b465ee728b)
Start importing Assets/Scripts/CharacterController.cs using Guid(b444447d83914ad4caaaf50c0529c0db) Importer(815301076,1909f56bfc062723c751e8b465ee728b)  -> (artifact id: 'f68d3430fc2479941894b8c71d4e2f0e') in 0.013872 seconds
  Import took 0.017402 seconds .

========================================================================
Received Prepare
Registering precompiled user dll's ...
Registered in 0.000855 seconds.
Begin MonoManager ReloadAssembly
Native extension for WindowsStandalone target not found
Refreshing native plugins compatible for Editor in 0.22 ms, found 0 plugins.
Preloading 0 native plugins for Editor in 0.00 ms.
Invoked RoslynAnalysisRunner static constructor.
RoslynAnalysisRunner will not be running.
RoslynAnalysisRunner has terminated.
Mono: successfully reloaded assembly
- Completed reload, in  0.796 seconds
Platform modules already initialized, skipping
Refreshing native plugins compatible for Editor in 0.23 ms, found 0 plugins.
Preloading 0 native plugins for Editor in 0.00 ms.
Unloading 1092 Unused Serialized files (Serialized files now loaded: 0)
System memory in use before: 57.7 MB.
System memory in use after: 57.8 MB.

Unloading 4 unused Assets to reduce memory usage. Loaded Objects now: 1548.
Total: 1.708200 ms (FindLiveObjects: 0.212500 ms CreateObjectMapping: 0.048000 ms MarkObjects: 1.428700 ms  DeleteObjects: 0.016900 ms)

========================================================================
Received Import Request.
  Time since last request: 77.043225 seconds.
  path: Assets/Scripts/CharacterController.cs
  artifactKey: Guid(b444447d83914ad4caaaf50c0529c0db) Importer(815301076,1909f56bfc062723c751e8b465ee728b)
Start importing Assets/Scripts/CharacterController.cs using Guid(b444447d83914ad4caaaf50c0529c0db) Importer(815301076,1909f56bfc062723c751e8b465ee728b)  -> (artifact id: '2ef34adcdcdc2ab47dec8dc19af448c6') in 0.004614 seconds
  Import took 0.006829 seconds .
=======
Total: 2.095400 ms (FindLiveObjects: 0.199900 ms CreateObjectMapping: 0.053800 ms MarkObjects: 1.773200 ms  DeleteObjects: 0.067400 ms)

========================================================================
Received Import Request.
  path: Assets/Scenes/PhilSandbox.unity
  artifactKey: Guid(cca8d301b281e454e9da2cc8f2c97b47) Importer(815301076,1909f56bfc062723c751e8b465ee728b)
Start importing Assets/Scenes/PhilSandbox.unity using Guid(cca8d301b281e454e9da2cc8f2c97b47) Importer(815301076,1909f56bfc062723c751e8b465ee728b)  -> (artifact id: 'efe12f83544806c3eb6d4f885928c0f2') in 0.020309 seconds
  Import took 0.022277 seconds .

========================================================================
Received Import Request.
  Time since last request: 113.134896 seconds.
  path: Assets
  artifactKey: Guid(00000000000000001000000000000000) Importer(815301076,1909f56bfc062723c751e8b465ee728b)
Start importing Assets using Guid(00000000000000001000000000000000) Importer(815301076,1909f56bfc062723c751e8b465ee728b)  -> (artifact id: 'e1a2c4dac9df7c17871e19a3b74f0e9f') in 0.007832 seconds
  Import took 0.011074 seconds .

========================================================================
Received Import Request.
  Time since last request: 10.715576 seconds.
  path: Assets/Sprites
  artifactKey: Guid(e9602282097b1e945b90d708d830f0e7) Importer(815301076,1909f56bfc062723c751e8b465ee728b)
Start importing Assets/Sprites using Guid(e9602282097b1e945b90d708d830f0e7) Importer(815301076,1909f56bfc062723c751e8b465ee728b)  -> (artifact id: '53c4315394eeff065ebba73ba1c239a8') in 0.008369 seconds
  Import took 0.010289 seconds .

========================================================================
Received Import Request.
  Time since last request: 100.971099 seconds.
  path: Assets/Sprites/New Render Texture.renderTexture
  artifactKey: Guid(aaf0f744d1652c34d8a3e339371b1f2a) Importer(815301076,1909f56bfc062723c751e8b465ee728b)
Start importing Assets/Sprites/New Render Texture.renderTexture using Guid(aaf0f744d1652c34d8a3e339371b1f2a) Importer(815301076,1909f56bfc062723c751e8b465ee728b)  -> (artifact id: '626fce1ab9c513d0c50bc6c579d4634a') in 0.078205 seconds
  Import took 0.080397 seconds .

========================================================================
Received Import Request.
  Time since last request: 178.194341 seconds.
  path: Assets/Sprites/Square.png
  artifactKey: Guid(7b81d65895858ee488abd07931b10529) Importer(815301076,1909f56bfc062723c751e8b465ee728b)
Start importing Assets/Sprites/Square.png using Guid(7b81d65895858ee488abd07931b10529) Importer(815301076,1909f56bfc062723c751e8b465ee728b)  -> (artifact id: '8e6067be292c98aa4912c54c694ee533') in 0.023707 seconds
  Import took 0.025851 seconds .

========================================================================
Received Import Request.
  Time since last request: 0.018969 seconds.
  path: Assets/Sprites/Square.png
  artifactKey: Guid(7b81d65895858ee488abd07931b10529) Importer(815301076,1909f56bfc062723c751e8b465ee728b)
Start importing Assets/Sprites/Square.png using Guid(7b81d65895858ee488abd07931b10529) Importer(815301076,1909f56bfc062723c751e8b465ee728b)  -> (artifact id: '8e6067be292c98aa4912c54c694ee533') in 0.007490 seconds
  Import took 0.010192 seconds .

========================================================================
Received Import Request.
  Time since last request: 82.093989 seconds.
  path: Assets/Sprites/Square.png
  artifactKey: Guid(7b81d65895858ee488abd07931b10529) Importer(815301076,1909f56bfc062723c751e8b465ee728b)
Start importing Assets/Sprites/Square.png using Guid(7b81d65895858ee488abd07931b10529) Importer(815301076,1909f56bfc062723c751e8b465ee728b)  -> (artifact id: '5ce5c0d57a2e4901f1f2adc7d32f7ea5') in 0.030183 seconds
  Import took 0.032282 seconds .

========================================================================
Received Prepare
Registering precompiled user dll's ...
Registered in 0.000562 seconds.
Begin MonoManager ReloadAssembly
Native extension for WindowsStandalone target not found
Refreshing native plugins compatible for Editor in 0.42 ms, found 0 plugins.
Preloading 0 native plugins for Editor in 0.00 ms.
Invoked RoslynAnalysisRunner static constructor.
RoslynAnalysisRunner will not be running.
RoslynAnalysisRunner has terminated.
Mono: successfully reloaded assembly
- Completed reload, in  1.682 seconds
Platform modules already initialized, skipping
Refreshing native plugins compatible for Editor in 0.75 ms, found 0 plugins.
Preloading 0 native plugins for Editor in 0.00 ms.
Unloading 1092 Unused Serialized files (Serialized files now loaded: 0)
System memory in use before: 60.5 MB.
System memory in use after: 60.6 MB.

Unloading 4 unused Assets to reduce memory usage. Loaded Objects now: 1554.
Total: 5.394200 ms (FindLiveObjects: 0.450600 ms CreateObjectMapping: 0.146300 ms MarkObjects: 4.765900 ms  DeleteObjects: 0.029200 ms)

========================================================================
Received Prepare
Registering precompiled user dll's ...
Registered in 0.000793 seconds.
Begin MonoManager ReloadAssembly
Native extension for WindowsStandalone target not found
Refreshing native plugins compatible for Editor in 0.35 ms, found 0 plugins.
Preloading 0 native plugins for Editor in 0.00 ms.
Invoked RoslynAnalysisRunner static constructor.
RoslynAnalysisRunner will not be running.
RoslynAnalysisRunner has terminated.
Mono: successfully reloaded assembly
- Completed reload, in  1.392 seconds
Platform modules already initialized, skipping
Refreshing native plugins compatible for Editor in 0.26 ms, found 0 plugins.
Preloading 0 native plugins for Editor in 0.00 ms.
Unloading 1092 Unused Serialized files (Serialized files now loaded: 0)
System memory in use before: 60.8 MB.
System memory in use after: 60.9 MB.

Unloading 4 unused Assets to reduce memory usage. Loaded Objects now: 1556.
Total: 2.496000 ms (FindLiveObjects: 0.274200 ms CreateObjectMapping: 0.112800 ms MarkObjects: 2.084100 ms  DeleteObjects: 0.023400 ms)

========================================================================
Received Import Request.
  Time since last request: 696.219579 seconds.
  path: Assets/Scripts/Health.cs
  artifactKey: Guid(ed1c3eb7f176bd24b84a663f71710fe4) Importer(815301076,1909f56bfc062723c751e8b465ee728b)
Start importing Assets/Scripts/Health.cs using Guid(ed1c3eb7f176bd24b84a663f71710fe4) Importer(815301076,1909f56bfc062723c751e8b465ee728b)  -> (artifact id: 'dd154f8c31ee482f6c179a96962e2313') in 0.014828 seconds
  Import took 0.017189 seconds .

========================================================================
Received Import Request.
  Time since last request: 4.130693 seconds.
  path: Assets/Scripts/HeightMapGenerator.cs
  artifactKey: Guid(80a00a52d74ab4bd499aab44a48fb9c2) Importer(815301076,1909f56bfc062723c751e8b465ee728b)
Start importing Assets/Scripts/HeightMapGenerator.cs using Guid(80a00a52d74ab4bd499aab44a48fb9c2) Importer(815301076,1909f56bfc062723c751e8b465ee728b)  -> (artifact id: '5c3cc40c6eccddfa1dd7de702e68caa9') in 0.004290 seconds
  Import took 0.006127 seconds .

========================================================================
Received Import Request.
  Time since last request: 0.024513 seconds.
  path: Assets/Scripts/HeightMapGenerator.cs
  artifactKey: Guid(80a00a52d74ab4bd499aab44a48fb9c2) Importer(815301076,1909f56bfc062723c751e8b465ee728b)
Start importing Assets/Scripts/HeightMapGenerator.cs using Guid(80a00a52d74ab4bd499aab44a48fb9c2) Importer(815301076,1909f56bfc062723c751e8b465ee728b)  -> (artifact id: '5c3cc40c6eccddfa1dd7de702e68caa9') in 0.004131 seconds
  Import took 0.006660 seconds .

========================================================================
Received Import Request.
  Time since last request: 6.271862 seconds.
  path: Assets/Scripts/FalloffGenerator.cs
  artifactKey: Guid(94ecc0bec425d4c9a94a55c7bc8f1fea) Importer(815301076,1909f56bfc062723c751e8b465ee728b)
Start importing Assets/Scripts/FalloffGenerator.cs using Guid(94ecc0bec425d4c9a94a55c7bc8f1fea) Importer(815301076,1909f56bfc062723c751e8b465ee728b)  -> (artifact id: '352a4e84f7bef77fce488bb06944ca33') in 0.005726 seconds
  Import took 0.007652 seconds .

========================================================================
Received Import Request.
  Time since last request: 10.689849 seconds.
  path: Assets/Materials/Map Mat.mat
  artifactKey: Guid(8361772db5b074f13a47ece154898939) Importer(815301076,1909f56bfc062723c751e8b465ee728b)
Start importing Assets/Materials/Map Mat.mat using Guid(8361772db5b074f13a47ece154898939) Importer(815301076,1909f56bfc062723c751e8b465ee728b)  -> (artifact id: '72de93d5e0fed8d74801af694d66ad67') in 0.089320 seconds
  Import took 0.091582 seconds .

========================================================================
Received Import Request.
  Time since last request: 0.000196 seconds.
  path: Assets/Materials/Mesh Mat.mat
  artifactKey: Guid(b0872f84cf3c7441d893168677410c73) Importer(815301076,1909f56bfc062723c751e8b465ee728b)
Start importing Assets/Materials/Mesh Mat.mat using Guid(b0872f84cf3c7441d893168677410c73) Importer(815301076,1909f56bfc062723c751e8b465ee728b)  -> (artifact id: '0bfed2f03940cc6fe33410e24f0aa2ff') in 0.024542 seconds
  Import took 0.026688 seconds .

========================================================================
Received Import Request.
  Time since last request: 0.004157 seconds.
  path: Assets/Materials/Mesh Mat.mat
  artifactKey: Guid(b0872f84cf3c7441d893168677410c73) Importer(815301076,1909f56bfc062723c751e8b465ee728b)
Start importing Assets/Materials/Mesh Mat.mat using Guid(b0872f84cf3c7441d893168677410c73) Importer(815301076,1909f56bfc062723c751e8b465ee728b)  -> (artifact id: '0bfed2f03940cc6fe33410e24f0aa2ff') in 0.012190 seconds
  Import took 0.014823 seconds .

========================================================================
Received Import Request.
  Time since last request: 72.401872 seconds.
  path: Assets/Health.cs
  artifactKey: Guid(171ee445f245cb049b89d944cc74abdf) Importer(815301076,1909f56bfc062723c751e8b465ee728b)
Start importing Assets/Health.cs using Guid(171ee445f245cb049b89d944cc74abdf) Importer(815301076,1909f56bfc062723c751e8b465ee728b)  -> (artifact id: 'c1cc228911ce431184d4ce1717ec05b5') in 0.005024 seconds
  Import took 0.007433 seconds .

========================================================================
Received Prepare
Registering precompiled user dll's ...
Registered in 0.000531 seconds.
Begin MonoManager ReloadAssembly
Native extension for WindowsStandalone target not found
Refreshing native plugins compatible for Editor in 0.25 ms, found 0 plugins.
Preloading 0 native plugins for Editor in 0.00 ms.
Invoked RoslynAnalysisRunner static constructor.
RoslynAnalysisRunner will not be running.
RoslynAnalysisRunner has terminated.
Mono: successfully reloaded assembly
- Completed reload, in  0.743 seconds
Platform modules already initialized, skipping
Refreshing native plugins compatible for Editor in 0.21 ms, found 0 plugins.
Preloading 0 native plugins for Editor in 0.00 ms.
Unloading 1092 Unused Serialized files (Serialized files now loaded: 0)
System memory in use before: 61.2 MB.
System memory in use after: 61.3 MB.

Unloading 4 unused Assets to reduce memory usage. Loaded Objects now: 1595.
Total: 2.162900 ms (FindLiveObjects: 0.249000 ms CreateObjectMapping: 0.086100 ms MarkObjects: 1.806500 ms  DeleteObjects: 0.019600 ms)

========================================================================
Received Import Request.
  Time since last request: 7.182924 seconds.
  path: Assets/Scripts/Health.cs
  artifactKey: Guid(ed1c3eb7f176bd24b84a663f71710fe4) Importer(815301076,1909f56bfc062723c751e8b465ee728b)
Start importing Assets/Scripts/Health.cs using Guid(ed1c3eb7f176bd24b84a663f71710fe4) Importer(815301076,1909f56bfc062723c751e8b465ee728b)  -> (artifact id: '876cd4923cefd70d07d3a165ad0b1ab3') in 0.005231 seconds
  Import took 0.007184 seconds .

========================================================================
Received Import Request.
  Time since last request: 0.027583 seconds.
  path: Assets/Scripts/Health.cs
  artifactKey: Guid(ed1c3eb7f176bd24b84a663f71710fe4) Importer(815301076,1909f56bfc062723c751e8b465ee728b)
Start importing Assets/Scripts/Health.cs using Guid(ed1c3eb7f176bd24b84a663f71710fe4) Importer(815301076,1909f56bfc062723c751e8b465ee728b)  -> (artifact id: '876cd4923cefd70d07d3a165ad0b1ab3') in 0.004434 seconds
  Import took 0.006724 seconds .
>>>>>>> a0ba3f61a66ff5225cee1a8a0c77c4f011f83eb8

========================================================================
Received Prepare
Registering precompiled user dll's ...
<<<<<<< HEAD
Registered in 0.000662 seconds.
Begin MonoManager ReloadAssembly
Native extension for WindowsStandalone target not found
Refreshing native plugins compatible for Editor in 0.20 ms, found 0 plugins.
=======
Registered in 0.000593 seconds.
Begin MonoManager ReloadAssembly
Native extension for WindowsStandalone target not found
Refreshing native plugins compatible for Editor in 0.24 ms, found 0 plugins.
>>>>>>> a0ba3f61a66ff5225cee1a8a0c77c4f011f83eb8
Preloading 0 native plugins for Editor in 0.00 ms.
Invoked RoslynAnalysisRunner static constructor.
RoslynAnalysisRunner will not be running.
RoslynAnalysisRunner has terminated.
Mono: successfully reloaded assembly
<<<<<<< HEAD
- Completed reload, in  0.926 seconds
Platform modules already initialized, skipping
Refreshing native plugins compatible for Editor in 0.20 ms, found 0 plugins.
Preloading 0 native plugins for Editor in 0.00 ms.
Unloading 1092 Unused Serialized files (Serialized files now loaded: 0)
System memory in use before: 57.9 MB.
System memory in use after: 58.0 MB.

Unloading 4 unused Assets to reduce memory usage. Loaded Objects now: 1550.
Total: 1.952200 ms (FindLiveObjects: 0.147100 ms CreateObjectMapping: 0.037200 ms MarkObjects: 1.749300 ms  DeleteObjects: 0.017300 ms)
=======
- Completed reload, in  0.729 seconds
Platform modules already initialized, skipping
Refreshing native plugins compatible for Editor in 0.26 ms, found 0 plugins.
Preloading 0 native plugins for Editor in 0.00 ms.
Unloading 1092 Unused Serialized files (Serialized files now loaded: 0)
System memory in use before: 61.4 MB.
System memory in use after: 61.5 MB.

Unloading 4 unused Assets to reduce memory usage. Loaded Objects now: 1597.
Total: 1.535900 ms (FindLiveObjects: 0.121600 ms CreateObjectMapping: 0.029700 ms MarkObjects: 1.369800 ms  DeleteObjects: 0.013400 ms)
>>>>>>> a0ba3f61a66ff5225cee1a8a0c77c4f011f83eb8

AssetImportWorkerClient::OnTransportError - code=2 error=End of file
