Using pre-set license
Built from '2020.2/release' branch; Version is '2020.2.1f1 (270dd8c3da1c) revision 2559448'; Using compiler version '192528614'; Build Type 'Release'
OS: 'Windows 10  (10.0.0) 64bit' Language: 'sv' Physical Memory: 16338 MB
BatchMode: 1, IsHumanControllingUs: 0, StartBugReporterOnCrash: 0, Is64bit: 1, IsPro: 0

 COMMAND LINE ARGUMENTS:
F:\UnityEditor\2020.2.1f1\Editor\Unity.exe
-adb2
-batchMode
-noUpm
-name
AssetImportWorker0
-projectPath
F:/Github/DigitaltProjekt
-logFile
Logs/AssetImportWorker0.log
-srvPort
52155
Successfully changed project path to: F:/Github/DigitaltProjekt
F:/Github/DigitaltProjekt
Using Asset Import Pipeline V2.
Refreshing native plugins compatible for Editor in 25.95 ms, found 0 plugins.
Preloading 0 native plugins for Editor in 0.00 ms.
Initialize engine version: 2020.2.1f1 (270dd8c3da1c)
[Subsystems] Discovering subsystems at path F:/UnityEditor/2020.2.1f1/Editor/Data/Resources/UnitySubsystems
[Subsystems] Discovering subsystems at path F:/Github/DigitaltProjekt/Assets
GfxDevice: creating device client; threaded=0
Direct3D:
    Version:  Direct3D 11.0 [level 11.1]
    Renderer: NVIDIA GeForce GTX 1060 6GB (ID=0x1c03)
    Vendor:   
    VRAM:     6052 MB
    Driver:   27.21.14.6079
Initialize mono
Mono path[0] = 'F:/UnityEditor/2020.2.1f1/Editor/Data/Managed'
Mono path[1] = 'F:/UnityEditor/2020.2.1f1/Editor/Data/MonoBleedingEdge/lib/mono/unityjit'
Mono config path = 'F:/UnityEditor/2020.2.1f1/Editor/Data/MonoBleedingEdge/etc'
Using monoOptions --debugger-agent=transport=dt_socket,embedding=1,server=y,suspend=n,address=127.0.0.1:56924
Begin MonoManager ReloadAssembly
Registering precompiled unity dll's ...
Register platform support module: F:/UnityEditor/2020.2.1f1/Editor/Data/PlaybackEngines/WindowsStandaloneSupport/UnityEditor.WindowsStandalone.Extensions.dll
Registered in 0.001197 seconds.
Native extension for WindowsStandalone target not found
Refreshing native plugins compatible for Editor in 26.24 ms, found 0 plugins.
Preloading 0 native plugins for Editor in 0.00 ms.
Invoked RoslynAnalysisRunner static constructor.
RoslynAnalysisRunner will not be running.
RoslynAnalysisRunner has terminated.
Mono: successfully reloaded assembly
- Completed reload, in  1.023 seconds
Platform modules already initialized, skipping
Registering precompiled user dll's ...
Registered in 0.000764 seconds.
Begin MonoManager ReloadAssembly
Native extension for WindowsStandalone target not found
Refreshing native plugins compatible for Editor in 0.20 ms, found 0 plugins.
Preloading 0 native plugins for Editor in 0.00 ms.
Invoked RoslynAnalysisRunner static constructor.
RoslynAnalysisRunner will not be running.
RoslynAnalysisRunner has terminated.
Mono: successfully reloaded assembly
- Completed reload, in  0.902 seconds
Platform modules already initialized, skipping
========================================================================
Worker process is ready to serve import requests
Launched and connected shader compiler UnityShaderCompiler.exe after 0.06 seconds
Refreshing native plugins compatible for Editor in 0.21 ms, found 0 plugins.
Preloading 0 native plugins for Editor in 0.00 ms.
Unloading 1100 Unused Serialized files (Serialized files now loaded: 0)
System memory in use before: 57.6 MB.
System memory in use after: 57.7 MB.

Unloading 9 unused Assets to reduce memory usage. Loaded Objects now: 1545.
Total: 2.061500 ms (FindLiveObjects: 0.136900 ms CreateObjectMapping: 0.045800 ms MarkObjects: 1.821800 ms  DeleteObjects: 0.055300 ms)

========================================================================
Received Import Request.
  path: Assets/FPSController.cs
  artifactKey: Guid(9794b6c88e25ff140bafa77a18a10719) Importer(815301076,1909f56bfc062723c751e8b465ee728b)
Start importing Assets/FPSController.cs using Guid(9794b6c88e25ff140bafa77a18a10719) Importer(815301076,1909f56bfc062723c751e8b465ee728b)  -> (artifact id: 'b010fa0b40938eb3035f7be87e2b3262') in 0.080564 seconds
  Import took 0.082942 seconds .

========================================================================
Received Import Request.
  Time since last request: 0.000388 seconds.
  path: Assets/UI_Inventory.cs
  artifactKey: Guid(7a7aefe5e9b3a91449669dcba6d91135) Importer(815301076,1909f56bfc062723c751e8b465ee728b)
Start importing Assets/UI_Inventory.cs using Guid(7a7aefe5e9b3a91449669dcba6d91135) Importer(815301076,1909f56bfc062723c751e8b465ee728b)  -> (artifact id: '640c2639e4df58f87ea32f4301f13188') in 0.009647 seconds
  Import took 0.013772 seconds .

========================================================================
Received Prepare
Registering precompiled user dll's ...
Registered in 0.000610 seconds.
Begin MonoManager ReloadAssembly
Native extension for WindowsStandalone target not found
Refreshing native plugins compatible for Editor in 0.20 ms, found 0 plugins.
Preloading 0 native plugins for Editor in 0.00 ms.
Invoked RoslynAnalysisRunner static constructor.
RoslynAnalysisRunner will not be running.
RoslynAnalysisRunner has terminated.
Mono: successfully reloaded assembly
- Completed reload, in  0.867 seconds
Platform modules already initialized, skipping
Refreshing native plugins compatible for Editor in 0.23 ms, found 0 plugins.
Preloading 0 native plugins for Editor in 0.00 ms.
Unloading 1093 Unused Serialized files (Serialized files now loaded: 0)
System memory in use before: 57.6 MB.
System memory in use after: 57.7 MB.

Unloading 4 unused Assets to reduce memory usage. Loaded Objects now: 1547.
Total: 1.652800 ms (FindLiveObjects: 0.154000 ms CreateObjectMapping: 0.038000 ms MarkObjects: 1.419100 ms  DeleteObjects: 0.040400 ms)

========================================================================
Received Prepare
Registering precompiled user dll's ...
Registered in 0.000779 seconds.
Begin MonoManager ReloadAssembly
Native extension for WindowsStandalone target not found
Refreshing native plugins compatible for Editor in 0.29 ms, found 0 plugins.
Preloading 0 native plugins for Editor in 0.00 ms.
Invoked RoslynAnalysisRunner static constructor.
RoslynAnalysisRunner will not be running.
RoslynAnalysisRunner has terminated.
Mono: successfully reloaded assembly
- Completed reload, in  0.879 seconds
Platform modules already initialized, skipping
Refreshing native plugins compatible for Editor in 0.32 ms, found 0 plugins.
Preloading 0 native plugins for Editor in 0.00 ms.
Unloading 1093 Unused Serialized files (Serialized files now loaded: 0)
System memory in use before: 57.8 MB.
System memory in use after: 57.9 MB.

Unloading 4 unused Assets to reduce memory usage. Loaded Objects now: 1549.
Total: 1.785700 ms (FindLiveObjects: 0.167700 ms CreateObjectMapping: 0.036300 ms MarkObjects: 1.537200 ms  DeleteObjects: 0.043300 ms)

========================================================================
Received Import Request.
  Time since last request: 95.907847 seconds.
  path: Assets/Scripts/WorldGen
  artifactKey: Guid(5669a5868fe2ee74d89338c3108093ad) Importer(815301076,1909f56bfc062723c751e8b465ee728b)
Start importing Assets/Scripts/WorldGen using Guid(5669a5868fe2ee74d89338c3108093ad) Importer(815301076,1909f56bfc062723c751e8b465ee728b)  -> (artifact id: '738759837ccc2fda68d1ef540da3f96d') in 0.011773 seconds
  Import took 0.013877 seconds .

========================================================================
Received Import Request.
  Time since last request: 1.113620 seconds.
  path: Assets/Scripts/FalloffGenerator.cs
  artifactKey: Guid(94ecc0bec425d4c9a94a55c7bc8f1fea) Importer(815301076,1909f56bfc062723c751e8b465ee728b)
Start importing Assets/Scripts/FalloffGenerator.cs using Guid(94ecc0bec425d4c9a94a55c7bc8f1fea) Importer(815301076,1909f56bfc062723c751e8b465ee728b)  -> (artifact id: '352a4e84f7bef77fce488bb06944ca33') in 0.009202 seconds
  Import took 0.011179 seconds .

========================================================================
Received Import Request.
  Time since last request: 3.440820 seconds.
  path: Assets/Scripts/HideOnPlay.cs
  artifactKey: Guid(7712ca4b498404cc5931aea5ebc20f51) Importer(815301076,1909f56bfc062723c751e8b465ee728b)
Start importing Assets/Scripts/HideOnPlay.cs using Guid(7712ca4b498404cc5931aea5ebc20f51) Importer(815301076,1909f56bfc062723c751e8b465ee728b)  -> (artifact id: '3687e9a1b915f5df77583668af93aa05') in 0.010343 seconds
  Import took 0.012815 seconds .

========================================================================
Received Import Request.
  Time since last request: 5.358533 seconds.
  path: Assets/Scripts/ThreadedDataRequester.cs
  artifactKey: Guid(60765b39c6679414382a47b20bd4a882) Importer(815301076,1909f56bfc062723c751e8b465ee728b)
Start importing Assets/Scripts/ThreadedDataRequester.cs using Guid(60765b39c6679414382a47b20bd4a882) Importer(815301076,1909f56bfc062723c751e8b465ee728b)  -> (artifact id: 'f7e988e35f10e03e5b2284dd95811c06') in 0.010740 seconds
  Import took 0.012891 seconds .

========================================================================
Received Prepare
Registering precompiled user dll's ...
Registered in 0.000647 seconds.
Begin MonoManager ReloadAssembly
Native extension for WindowsStandalone target not found
Refreshing native plugins compatible for Editor in 0.24 ms, found 0 plugins.
Preloading 0 native plugins for Editor in 0.00 ms.
Invoked RoslynAnalysisRunner static constructor.
RoslynAnalysisRunner will not be running.
RoslynAnalysisRunner has terminated.
Mono: successfully reloaded assembly
- Completed reload, in  0.851 seconds
Platform modules already initialized, skipping
Refreshing native plugins compatible for Editor in 0.24 ms, found 0 plugins.
Preloading 0 native plugins for Editor in 0.00 ms.
Unloading 1093 Unused Serialized files (Serialized files now loaded: 0)
System memory in use before: 58.0 MB.
System memory in use after: 58.1 MB.

Unloading 4 unused Assets to reduce memory usage. Loaded Objects now: 1551.
Total: 1.841000 ms (FindLiveObjects: 0.122200 ms CreateObjectMapping: 0.035500 ms MarkObjects: 1.667500 ms  DeleteObjects: 0.014300 ms)

========================================================================
Received Import Request.
  Time since last request: 8.102473 seconds.
  path: Assets/Scripts/MapPreview.cs
  artifactKey: Guid(3949029a2149e4d748707cec868ce059) Importer(815301076,1909f56bfc062723c751e8b465ee728b)
Start importing Assets/Scripts/MapPreview.cs using Guid(3949029a2149e4d748707cec868ce059) Importer(815301076,1909f56bfc062723c751e8b465ee728b)  -> (artifact id: '8b99bc4988997e535764613107893cc2') in 0.011591 seconds
  Import took 0.014052 seconds .

========================================================================
Received Prepare
Registering precompiled user dll's ...
Registered in 0.000622 seconds.
Begin MonoManager ReloadAssembly
Native extension for WindowsStandalone target not found
Refreshing native plugins compatible for Editor in 0.26 ms, found 0 plugins.
Preloading 0 native plugins for Editor in 0.00 ms.
Invoked RoslynAnalysisRunner static constructor.
RoslynAnalysisRunner will not be running.
RoslynAnalysisRunner has terminated.
Mono: successfully reloaded assembly
- Completed reload, in  0.864 seconds
Platform modules already initialized, skipping
Refreshing native plugins compatible for Editor in 0.21 ms, found 0 plugins.
Preloading 0 native plugins for Editor in 0.00 ms.
Unloading 1093 Unused Serialized files (Serialized files now loaded: 0)
System memory in use before: 58.2 MB.
System memory in use after: 58.3 MB.

Unloading 4 unused Assets to reduce memory usage. Loaded Objects now: 1553.
Total: 1.631900 ms (FindLiveObjects: 0.121800 ms CreateObjectMapping: 0.036900 ms MarkObjects: 1.445300 ms  DeleteObjects: 0.027100 ms)

========================================================================
Received Import Request.
  Time since last request: 17.118837 seconds.
  path: Assets/Scripts/Data
  artifactKey: Guid(bdcff4314b22342edb885bff58d7dd15) Importer(815301076,1909f56bfc062723c751e8b465ee728b)
Start importing Assets/Scripts/Data using Guid(bdcff4314b22342edb885bff58d7dd15) Importer(815301076,1909f56bfc062723c751e8b465ee728b)  -> (artifact id: 'f27b2774160620ce5a5c39cc7bbc1e87') in 0.009876 seconds
  Import took 0.012471 seconds .

========================================================================
Received Import Request.
  Time since last request: 6.425430 seconds.
  path: Assets/Scripts/Item.cs
  artifactKey: Guid(9ea2214f9ffca9643be36a344f97a762) Importer(815301076,1909f56bfc062723c751e8b465ee728b)
Start importing Assets/Scripts/Item.cs using Guid(9ea2214f9ffca9643be36a344f97a762) Importer(815301076,1909f56bfc062723c751e8b465ee728b)  -> (artifact id: 'fb4a4039c8382c4255f6393c8a073ec2') in 0.007041 seconds
  Import took 0.009650 seconds .

========================================================================
Received Import Request.
  Time since last request: 10.733191 seconds.
  path: Assets/Scripts/Inventory
  artifactKey: Guid(375bef7138585904787dc96c36eba010) Importer(815301076,1909f56bfc062723c751e8b465ee728b)
Start importing Assets/Scripts/Inventory using Guid(375bef7138585904787dc96c36eba010) Importer(815301076,1909f56bfc062723c751e8b465ee728b)  -> (artifact id: '2714c0326ecf77a89a59fc44042fd145') in 0.008821 seconds
  Import took 0.054871 seconds .

========================================================================
Received Prepare
Registering precompiled user dll's ...
Registered in 0.000615 seconds.
Begin MonoManager ReloadAssembly
Native extension for WindowsStandalone target not found
Refreshing native plugins compatible for Editor in 0.21 ms, found 0 plugins.
Preloading 0 native plugins for Editor in 0.00 ms.
Invoked RoslynAnalysisRunner static constructor.
RoslynAnalysisRunner will not be running.
RoslynAnalysisRunner has terminated.
Mono: successfully reloaded assembly
- Completed reload, in  0.881 seconds
Platform modules already initialized, skipping
Refreshing native plugins compatible for Editor in 0.20 ms, found 0 plugins.
Preloading 0 native plugins for Editor in 0.00 ms.
Unloading 1093 Unused Serialized files (Serialized files now loaded: 0)
System memory in use before: 58.4 MB.
System memory in use after: 58.5 MB.

Unloading 4 unused Assets to reduce memory usage. Loaded Objects now: 1555.
Total: 1.575800 ms (FindLiveObjects: 0.118200 ms CreateObjectMapping: 0.034900 ms MarkObjects: 1.408500 ms  DeleteObjects: 0.013200 ms)

========================================================================
Received Import Request.
  Time since last request: 11.367045 seconds.
  path: Assets/Scripts/Player
  artifactKey: Guid(557d5bfce09bddf41ae9893c7d6a5e65) Importer(815301076,1909f56bfc062723c751e8b465ee728b)
Start importing Assets/Scripts/Player using Guid(557d5bfce09bddf41ae9893c7d6a5e65) Importer(815301076,1909f56bfc062723c751e8b465ee728b)  -> (artifact id: '297224eb42cc28d39ace783b2654322f') in 0.010138 seconds
  Import took 0.012433 seconds .

========================================================================
Received Import Request.
  Time since last request: 0.004305 seconds.
  path: Assets/Scripts/Player
  artifactKey: Guid(557d5bfce09bddf41ae9893c7d6a5e65) Importer(815301076,1909f56bfc062723c751e8b465ee728b)
Start importing Assets/Scripts/Player using Guid(557d5bfce09bddf41ae9893c7d6a5e65) Importer(815301076,1909f56bfc062723c751e8b465ee728b)  -> (artifact id: '297224eb42cc28d39ace783b2654322f') in 0.003387 seconds
  Import took 0.006027 seconds .

========================================================================
Received Prepare
Registering precompiled user dll's ...
Registered in 0.001019 seconds.
Begin MonoManager ReloadAssembly
Native extension for WindowsStandalone target not found
Refreshing native plugins compatible for Editor in 0.20 ms, found 0 plugins.
Preloading 0 native plugins for Editor in 0.00 ms.
Invoked RoslynAnalysisRunner static constructor.
RoslynAnalysisRunner will not be running.
RoslynAnalysisRunner has terminated.
Mono: successfully reloaded assembly
- Completed reload, in  0.828 seconds
Platform modules already initialized, skipping
Refreshing native plugins compatible for Editor in 0.22 ms, found 0 plugins.
Preloading 0 native plugins for Editor in 0.00 ms.
Unloading 1093 Unused Serialized files (Serialized files now loaded: 0)
System memory in use before: 58.7 MB.
System memory in use after: 58.8 MB.

Unloading 4 unused Assets to reduce memory usage. Loaded Objects now: 1557.
Total: 1.734700 ms (FindLiveObjects: 0.251700 ms CreateObjectMapping: 0.035600 ms MarkObjects: 1.431500 ms  DeleteObjects: 0.014600 ms)

========================================================================
Received Import Request.
  Time since last request: 158.469046 seconds.
  path: Assets
  artifactKey: Guid(00000000000000001000000000000000) Importer(815301076,1909f56bfc062723c751e8b465ee728b)
Start importing Assets using Guid(00000000000000001000000000000000) Importer(815301076,1909f56bfc062723c751e8b465ee728b)  -> (artifact id: 'e1a2c4dac9df7c17871e19a3b74f0e9f') in 0.020756 seconds
  Import took 0.023340 seconds .

========================================================================
Received Import Request.
  Time since last request: 3.409361 seconds.
  path: Assets/Prefabs
  artifactKey: Guid(15099ec4d2d13e14ab1d5703b832d06d) Importer(815301076,1909f56bfc062723c751e8b465ee728b)
Start importing Assets/Prefabs using Guid(15099ec4d2d13e14ab1d5703b832d06d) Importer(815301076,1909f56bfc062723c751e8b465ee728b)  -> (artifact id: '87bc17f52399bfc8372ca90b724b9ef7') in 0.011984 seconds
  Import took 0.014775 seconds .

========================================================================
Received Import Request.
  Time since last request: 5.362374 seconds.
  path: Assets/Materials/Map Mat.mat
  artifactKey: Guid(8361772db5b074f13a47ece154898939) Importer(815301076,1909f56bfc062723c751e8b465ee728b)
Start importing Assets/Materials/Map Mat.mat using Guid(8361772db5b074f13a47ece154898939) Importer(815301076,1909f56bfc062723c751e8b465ee728b)  -> (artifact id: 'adf3a9e3b10791e6407cf509576317c1') in 0.182025 seconds
  Import took 0.185071 seconds .

========================================================================
Received Import Request.
  Time since last request: 0.000409 seconds.
  path: Assets/Materials/Mesh Mat.mat
  artifactKey: Guid(b0872f84cf3c7441d893168677410c73) Importer(815301076,1909f56bfc062723c751e8b465ee728b)
Start importing Assets/Materials/Mesh Mat.mat using Guid(b0872f84cf3c7441d893168677410c73) Importer(815301076,1909f56bfc062723c751e8b465ee728b)  -> (artifact id: 'f12a46d7a3c79934ffe2f11982b95346') in 0.081009 seconds
  Import took 0.083182 seconds .

========================================================================
Received Import Request.
  Time since last request: 191.126644 seconds.
  path: Assets/Sprites
  artifactKey: Guid(767c1a37a9f93cb4985e7bf8c0169d11) Importer(815301076,1909f56bfc062723c751e8b465ee728b)
Start importing Assets/Sprites using Guid(767c1a37a9f93cb4985e7bf8c0169d11) Importer(815301076,1909f56bfc062723c751e8b465ee728b)  -> (artifact id: '3be2fa18af4df6d5c1dc0915f2fa0950') in 0.026479 seconds
  Import took 0.029039 seconds .

========================================================================
Received Import Request.
  Time since last request: 193.354476 seconds.
  path: Assets/New Folder
  artifactKey: Guid(808a1458a6fc8b8429a93727e163013f) Importer(815301076,1909f56bfc062723c751e8b465ee728b)
Start importing Assets/New Folder using Guid(808a1458a6fc8b8429a93727e163013f) Importer(815301076,1909f56bfc062723c751e8b465ee728b)  -> (artifact id: 'd1582524b7551665215b532bf701be17') in 0.021481 seconds
  Import took 0.029951 seconds .

========================================================================
Received Import Request.
  Time since last request: 3640.280680 seconds.
  path: Assets/Sprites/Axe.PNG
  artifactKey: Guid(612aab361be61d446af9a2b81f5e3eab) Importer(815301076,1909f56bfc062723c751e8b465ee728b)
Start importing Assets/Sprites/Axe.PNG using Guid(612aab361be61d446af9a2b81f5e3eab) Importer(815301076,1909f56bfc062723c751e8b465ee728b)  -> (artifact id: '8c3a74380ced4db03c63d38582043347') in 0.419492 seconds
  Import took 0.426990 seconds .

========================================================================
Received Import Request.
  Time since last request: 0.000298 seconds.
  path: Assets/Sprites/Notes.PNG
  artifactKey: Guid(85a85b38962073245be9ebe7fa8dd791) Importer(815301076,1909f56bfc062723c751e8b465ee728b)
Start importing Assets/Sprites/Notes.PNG using Guid(85a85b38962073245be9ebe7fa8dd791) Importer(815301076,1909f56bfc062723c751e8b465ee728b)  -> (artifact id: 'c5ffb33e6a588bb188bdd561e4c889a0') in 0.028427 seconds
  Import took 0.032264 seconds .

========================================================================
Received Import Request.
  Time since last request: 0.000321 seconds.
  path: Assets/Sprites/YellowBottle.PNG
  artifactKey: Guid(9b5c2ea130cabbf41904178382e2fca2) Importer(815301076,1909f56bfc062723c751e8b465ee728b)
Start importing Assets/Sprites/YellowBottle.PNG using Guid(9b5c2ea130cabbf41904178382e2fca2) Importer(815301076,1909f56bfc062723c751e8b465ee728b)  -> (artifact id: 'e6ae554d2770d4ae564fd8801ecca800') in 0.039174 seconds
  Import took 0.043706 seconds .

========================================================================
Received Import Request.
  Time since last request: 0.000086 seconds.
  path: Assets/Sprites/handinstone.png
  artifactKey: Guid(485d6f846de481b48a87194cea686242) Importer(815301076,1909f56bfc062723c751e8b465ee728b)
Start importing Assets/Sprites/handinstone.png using Guid(485d6f846de481b48a87194cea686242) Importer(815301076,1909f56bfc062723c751e8b465ee728b)  -> (artifact id: '38db0437ab77925cb85d62f2c6c24172') in 0.056227 seconds
  Import took 0.060334 seconds .

========================================================================
Received Import Request.
  Time since last request: 0.000297 seconds.
  path: Assets/Sprites/Hammer.PNG
  artifactKey: Guid(f63766b539c763641be2d10ec9d7624c) Importer(815301076,1909f56bfc062723c751e8b465ee728b)
Start importing Assets/Sprites/Hammer.PNG using Guid(f63766b539c763641be2d10ec9d7624c) Importer(815301076,1909f56bfc062723c751e8b465ee728b)  -> (artifact id: 'ee2b32f12d083ec22c96e43b628e04a9') in 0.017864 seconds
  Import took 0.020166 seconds .

========================================================================
Received Import Request.
  Time since last request: 0.000337 seconds.
  path: Assets/Sprites/GreenPotion2.PNG
  artifactKey: Guid(4849e62d39ddcea49bdc8cf5a7f5383a) Importer(815301076,1909f56bfc062723c751e8b465ee728b)
Start importing Assets/Sprites/GreenPotion2.PNG using Guid(4849e62d39ddcea49bdc8cf5a7f5383a) Importer(815301076,1909f56bfc062723c751e8b465ee728b)  -> (artifact id: 'a8f553dfc9a4ab8c7fa648f54f5a022e') in 0.016439 seconds
  Import took 0.019044 seconds .

========================================================================
Received Import Request.
  Time since last request: 0.000323 seconds.
  path: Assets/Sprites/Bandage.png
  artifactKey: Guid(0a9ac87078db0b548afc15a6aca9e421) Importer(815301076,1909f56bfc062723c751e8b465ee728b)
Start importing Assets/Sprites/Bandage.png using Guid(0a9ac87078db0b548afc15a6aca9e421) Importer(815301076,1909f56bfc062723c751e8b465ee728b)  -> (artifact id: '336a5519b2cdfaa191e502ed0411de1d') in 0.672408 seconds
  Import took 0.675589 seconds .

========================================================================
Received Import Request.
  Time since last request: 0.000404 seconds.
  path: Assets/Sprites/GreenPotion.png
  artifactKey: Guid(d6957e6c86ffd914aa970492699a9ab4) Importer(815301076,1909f56bfc062723c751e8b465ee728b)
Start importing Assets/Sprites/GreenPotion.png using Guid(d6957e6c86ffd914aa970492699a9ab4) Importer(815301076,1909f56bfc062723c751e8b465ee728b)  -> (artifact id: '8993115cec3a560cd3d395f6d00c1a1c') in 0.042171 seconds
  Import took 0.044597 seconds .

========================================================================
Received Import Request.
  Time since last request: 0.000333 seconds.
  path: Assets/Sprites/package.png
  artifactKey: Guid(a54176f2a14ccfb47a51913f340dfe2a) Importer(815301076,1909f56bfc062723c751e8b465ee728b)
Start importing Assets/Sprites/package.png using Guid(a54176f2a14ccfb47a51913f340dfe2a) Importer(815301076,1909f56bfc062723c751e8b465ee728b)  -> (artifact id: '757058a80f10c4a685378c96a6ece417') in 0.032264 seconds
  Import took 0.034591 seconds .

========================================================================
Received Import Request.
  Time since last request: 0.000271 seconds.
  path: Assets/Sprites/moni.PNG
  artifactKey: Guid(bb75cb2117ec90c4f95708b2f1d75e9c) Importer(815301076,1909f56bfc062723c751e8b465ee728b)
Start importing Assets/Sprites/moni.PNG using Guid(bb75cb2117ec90c4f95708b2f1d75e9c) Importer(815301076,1909f56bfc062723c751e8b465ee728b)  -> (artifact id: '46786b97c000f61ef0a7545bad39ca2c') in 0.018391 seconds
  Import took 0.020558 seconds .

========================================================================
Received Import Request.
  Time since last request: 0.000266 seconds.
  path: Assets/Sprites/modern_82_t.png
  artifactKey: Guid(517223462d301054fbbbc441a1674c7f) Importer(815301076,1909f56bfc062723c751e8b465ee728b)
Start importing Assets/Sprites/modern_82_t.png using Guid(517223462d301054fbbbc441a1674c7f) Importer(815301076,1909f56bfc062723c751e8b465ee728b)  -> (artifact id: '7208e95b993d06cdcdea362a256422b8') in 0.023300 seconds
  Import took 0.025534 seconds .

========================================================================
Received Import Request.
  Time since last request: 0.000285 seconds.
  path: Assets/Sprites/compost.PNG
  artifactKey: Guid(d38f8b16012b4364e976e4ad37b7f03a) Importer(815301076,1909f56bfc062723c751e8b465ee728b)
Start importing Assets/Sprites/compost.PNG using Guid(d38f8b16012b4364e976e4ad37b7f03a) Importer(815301076,1909f56bfc062723c751e8b465ee728b)  -> (artifact id: '41f7ab88216a3ce9b2edfdf30d0575ec') in 0.017851 seconds
  Import took 0.023531 seconds .

========================================================================
Received Import Request.
  Time since last request: 0.000343 seconds.
  path: Assets/Sprites/Box2.PNG
  artifactKey: Guid(5e26aac24332f954d9492b794786119d) Importer(815301076,1909f56bfc062723c751e8b465ee728b)
Start importing Assets/Sprites/Box2.PNG using Guid(5e26aac24332f954d9492b794786119d) Importer(815301076,1909f56bfc062723c751e8b465ee728b)  -> (artifact id: 'e857e2cce76733cc0ce49019811bf1b1') in 0.018635 seconds
  Import took 0.020948 seconds .

========================================================================
Received Import Request.
  Time since last request: 0.000244 seconds.
  path: Assets/Sprites/Rope.png
  artifactKey: Guid(e4fa4a1865c69e74fa46836d271ca0ab) Importer(815301076,1909f56bfc062723c751e8b465ee728b)
Start importing Assets/Sprites/Rope.png using Guid(e4fa4a1865c69e74fa46836d271ca0ab) Importer(815301076,1909f56bfc062723c751e8b465ee728b)  -> (artifact id: '018b413e31e52dce7f53cbc8ead2293a') in 0.019169 seconds
  Import took 0.021927 seconds .

========================================================================
Received Import Request.
  Time since last request: 0.000239 seconds.
  path: Assets/Sprites/Bag.png
  artifactKey: Guid(4a591a4c79852fb4fae77f4288281ae7) Importer(815301076,1909f56bfc062723c751e8b465ee728b)
Start importing Assets/Sprites/Bag.png using Guid(4a591a4c79852fb4fae77f4288281ae7) Importer(815301076,1909f56bfc062723c751e8b465ee728b)  -> (artifact id: 'eb1979b3b4236b3917285a877471fb7e') in 0.022220 seconds
  Import took 0.024817 seconds .

========================================================================
Received Import Request.
  Time since last request: 0.000242 seconds.
  path: Assets/Sprites/Box.PNG
  artifactKey: Guid(a494ae5ae43c5cc4bb34a8601002d4b5) Importer(815301076,1909f56bfc062723c751e8b465ee728b)
Start importing Assets/Sprites/Box.PNG using Guid(a494ae5ae43c5cc4bb34a8601002d4b5) Importer(815301076,1909f56bfc062723c751e8b465ee728b)  -> (artifact id: 'f8e098a9e0fa3c7c13f2beebc5ad3040') in 0.015791 seconds
  Import took 0.018389 seconds .

========================================================================
Received Import Request.
  Time since last request: 0.000156 seconds.
  path: Assets/Sprites/club.png
  artifactKey: Guid(e8f82207af3449447823ed6ba0c79f01) Importer(815301076,1909f56bfc062723c751e8b465ee728b)
Start importing Assets/Sprites/club.png using Guid(e8f82207af3449447823ed6ba0c79f01) Importer(815301076,1909f56bfc062723c751e8b465ee728b)  -> (artifact id: '7fc10c6869169ae90e6e7cc767c1e5f2') in 0.016542 seconds
  Import took 0.019011 seconds .

========================================================================
Received Import Request.
  Time since last request: 0.002364 seconds.
  path: Assets/Sprites/club.png
  artifactKey: Guid(e8f82207af3449447823ed6ba0c79f01) Importer(815301076,1909f56bfc062723c751e8b465ee728b)
Start importing Assets/Sprites/club.png using Guid(e8f82207af3449447823ed6ba0c79f01) Importer(815301076,1909f56bfc062723c751e8b465ee728b)  -> (artifact id: '7fc10c6869169ae90e6e7cc767c1e5f2') in 0.011218 seconds
  Import took 0.013825 seconds .

========================================================================
Received Import Request.
  Time since last request: 29.397782 seconds.
  path: Assets/Sprites/GreenPotion.png
  artifactKey: Guid(d6957e6c86ffd914aa970492699a9ab4) Importer(815301076,1909f56bfc062723c751e8b465ee728b)
Start importing Assets/Sprites/GreenPotion.png using Guid(d6957e6c86ffd914aa970492699a9ab4) Importer(815301076,1909f56bfc062723c751e8b465ee728b)  -> (artifact id: '645e941f5fe76a82bf129ca18b7e5c04') in 0.012498 seconds
  Import took 0.014534 seconds .

========================================================================
Received Import Request.
  Time since last request: 4.504773 seconds.
  path: Assets/Sprites/GreenPotion2.PNG
  artifactKey: Guid(4849e62d39ddcea49bdc8cf5a7f5383a) Importer(815301076,1909f56bfc062723c751e8b465ee728b)
Start importing Assets/Sprites/GreenPotion2.PNG using Guid(4849e62d39ddcea49bdc8cf5a7f5383a) Importer(815301076,1909f56bfc062723c751e8b465ee728b)  -> (artifact id: '136ab0e42666b657a154a16adf50f28e') in 0.028726 seconds
  Import took 0.031648 seconds .

========================================================================
Received Import Request.
  Time since last request: 4.635139 seconds.
  path: Assets/Sprites/YellowBottle.PNG
  artifactKey: Guid(9b5c2ea130cabbf41904178382e2fca2) Importer(815301076,1909f56bfc062723c751e8b465ee728b)
Start importing Assets/Sprites/YellowBottle.PNG using Guid(9b5c2ea130cabbf41904178382e2fca2) Importer(815301076,1909f56bfc062723c751e8b465ee728b)  -> (artifact id: '76b1e2b2dadb6d9bcaa46901e07b4e6b') in 0.033632 seconds
  Import took 0.036476 seconds .

========================================================================
Received Import Request.
  Time since last request: 30.349516 seconds.
  path: Assets/Sprites/YellowBottle.PNG
  artifactKey: Guid(9b5c2ea130cabbf41904178382e2fca2) Importer(815301076,1909f56bfc062723c751e8b465ee728b)
Start importing Assets/Sprites/YellowBottle.PNG using Guid(9b5c2ea130cabbf41904178382e2fca2) Importer(815301076,1909f56bfc062723c751e8b465ee728b)  -> (artifact id: 'da564229719d2f5c93137e31a7f636e5') in 0.039056 seconds
  Import took 0.041481 seconds .

========================================================================
Received Import Request.
  Time since last request: 12.941059 seconds.
  path: Assets/Sprites/compost.PNG
  artifactKey: Guid(d38f8b16012b4364e976e4ad37b7f03a) Importer(815301076,1909f56bfc062723c751e8b465ee728b)
Start importing Assets/Sprites/compost.PNG using Guid(d38f8b16012b4364e976e4ad37b7f03a) Importer(815301076,1909f56bfc062723c751e8b465ee728b)  -> (artifact id: 'd4e7380843cb11de1b85bb77bc41f4e3') in 0.021810 seconds
  Import took 0.024425 seconds .

========================================================================
Received Import Request.
  Time since last request: 0.000296 seconds.
  path: Assets/Sprites/Notes.PNG
  artifactKey: Guid(85a85b38962073245be9ebe7fa8dd791) Importer(815301076,1909f56bfc062723c751e8b465ee728b)
Start importing Assets/Sprites/Notes.PNG using Guid(85a85b38962073245be9ebe7fa8dd791) Importer(815301076,1909f56bfc062723c751e8b465ee728b)  -> (artifact id: 'df4351470ab363cf7bd830820f966809') in 0.030679 seconds
  Import took 0.036422 seconds .

========================================================================
Received Import Request.
  Time since last request: 0.000258 seconds.
  path: Assets/Sprites/YellowBottle.PNG
  artifactKey: Guid(9b5c2ea130cabbf41904178382e2fca2) Importer(815301076,1909f56bfc062723c751e8b465ee728b)
Start importing Assets/Sprites/YellowBottle.PNG using Guid(9b5c2ea130cabbf41904178382e2fca2) Importer(815301076,1909f56bfc062723c751e8b465ee728b)  -> (artifact id: '5ab58a44c8b9d0684f565930c5e7e90d') in 0.021269 seconds
  Import took 0.023812 seconds .

========================================================================
Received Import Request.
  Time since last request: 0.000235 seconds.
  path: Assets/Sprites/handinstone.png
  artifactKey: Guid(485d6f846de481b48a87194cea686242) Importer(815301076,1909f56bfc062723c751e8b465ee728b)
Start importing Assets/Sprites/handinstone.png using Guid(485d6f846de481b48a87194cea686242) Importer(815301076,1909f56bfc062723c751e8b465ee728b)  -> (artifact id: 'd0d65cb84c15d4837b8691c2a7f3f905') in 0.022165 seconds
  Import took 0.025271 seconds .

========================================================================
Received Import Request.
  Time since last request: 0.000481 seconds.
  path: Assets/Sprites/Hammer.PNG
  artifactKey: Guid(f63766b539c763641be2d10ec9d7624c) Importer(815301076,1909f56bfc062723c751e8b465ee728b)
Start importing Assets/Sprites/Hammer.PNG using Guid(f63766b539c763641be2d10ec9d7624c) Importer(815301076,1909f56bfc062723c751e8b465ee728b)  -> (artifact id: '959952bb6dbaa6e9a8ea3ae85eea07fb') in 0.016312 seconds
  Import took 0.018901 seconds .

========================================================================
Received Import Request.
  Time since last request: 0.000173 seconds.
  path: Assets/Sprites/GreenPotion2.PNG
  artifactKey: Guid(4849e62d39ddcea49bdc8cf5a7f5383a) Importer(815301076,1909f56bfc062723c751e8b465ee728b)
Start importing Assets/Sprites/GreenPotion2.PNG using Guid(4849e62d39ddcea49bdc8cf5a7f5383a) Importer(815301076,1909f56bfc062723c751e8b465ee728b)  -> (artifact id: 'cd678db9463cec61a3a429f9e51e30c0') in 0.018801 seconds
  Import took 0.022938 seconds .

========================================================================
Received Import Request.
  Time since last request: 0.000234 seconds.
  path: Assets/Sprites/Bandage.png
  artifactKey: Guid(0a9ac87078db0b548afc15a6aca9e421) Importer(815301076,1909f56bfc062723c751e8b465ee728b)
Start importing Assets/Sprites/Bandage.png using Guid(0a9ac87078db0b548afc15a6aca9e421) Importer(815301076,1909f56bfc062723c751e8b465ee728b)  -> (artifact id: 'df8f71b40003d37454e0fe5ca4dca5ba') in 0.027036 seconds
  Import took 0.029317 seconds .

========================================================================
Received Import Request.
  Time since last request: 0.000266 seconds.
  path: Assets/Sprites/GreenPotion.png
  artifactKey: Guid(d6957e6c86ffd914aa970492699a9ab4) Importer(815301076,1909f56bfc062723c751e8b465ee728b)
Start importing Assets/Sprites/GreenPotion.png using Guid(d6957e6c86ffd914aa970492699a9ab4) Importer(815301076,1909f56bfc062723c751e8b465ee728b)  -> (artifact id: '346bcd5a7545d67b8b4e69dfa4a7f7d2') in 0.028007 seconds
  Import took 0.030736 seconds .

========================================================================
Received Import Request.
  Time since last request: 0.000354 seconds.
  path: Assets/Sprites/package.png
  artifactKey: Guid(a54176f2a14ccfb47a51913f340dfe2a) Importer(815301076,1909f56bfc062723c751e8b465ee728b)
Start importing Assets/Sprites/package.png using Guid(a54176f2a14ccfb47a51913f340dfe2a) Importer(815301076,1909f56bfc062723c751e8b465ee728b)  -> (artifact id: '0d083c682c1e7fbecc319397c1597280') in 0.015290 seconds
  Import took 0.018156 seconds .

========================================================================
Received Import Request.
  Time since last request: 0.000173 seconds.
  path: Assets/Sprites/moni.PNG
  artifactKey: Guid(bb75cb2117ec90c4f95708b2f1d75e9c) Importer(815301076,1909f56bfc062723c751e8b465ee728b)
Start importing Assets/Sprites/moni.PNG using Guid(bb75cb2117ec90c4f95708b2f1d75e9c) Importer(815301076,1909f56bfc062723c751e8b465ee728b)  -> (artifact id: 'd6e9cb49d7b2ca5822197c67d4821cdd') in 0.020955 seconds
  Import took 0.023820 seconds .

========================================================================
Received Import Request.
  Time since last request: 0.000285 seconds.
  path: Assets/Sprites/modern_82_t.png
  artifactKey: Guid(517223462d301054fbbbc441a1674c7f) Importer(815301076,1909f56bfc062723c751e8b465ee728b)
Start importing Assets/Sprites/modern_82_t.png using Guid(517223462d301054fbbbc441a1674c7f) Importer(815301076,1909f56bfc062723c751e8b465ee728b)  -> (artifact id: '13c0b9f7869a129dd459e557c7971903') in 0.023215 seconds
  Import took 0.025848 seconds .

========================================================================
Received Import Request.
  Time since last request: 0.000257 seconds.
  path: Assets/Sprites/Box2.PNG
  artifactKey: Guid(5e26aac24332f954d9492b794786119d) Importer(815301076,1909f56bfc062723c751e8b465ee728b)
Start importing Assets/Sprites/Box2.PNG using Guid(5e26aac24332f954d9492b794786119d) Importer(815301076,1909f56bfc062723c751e8b465ee728b)  -> (artifact id: 'a494c5eff6844bc808634a551cf573c5') in 0.023103 seconds
  Import took 0.025214 seconds .

========================================================================
Received Import Request.
  Time since last request: 0.000234 seconds.
  path: Assets/Sprites/Rope.png
  artifactKey: Guid(e4fa4a1865c69e74fa46836d271ca0ab) Importer(815301076,1909f56bfc062723c751e8b465ee728b)
Start importing Assets/Sprites/Rope.png using Guid(e4fa4a1865c69e74fa46836d271ca0ab) Importer(815301076,1909f56bfc062723c751e8b465ee728b)  -> (artifact id: 'fd086a74e56f0ab39a430f2ef88924ad') in 0.019586 seconds
  Import took 0.021738 seconds .

========================================================================
Received Import Request.
  Time since last request: 0.000237 seconds.
  path: Assets/Sprites/Axe.PNG
  artifactKey: Guid(612aab361be61d446af9a2b81f5e3eab) Importer(815301076,1909f56bfc062723c751e8b465ee728b)
Start importing Assets/Sprites/Axe.PNG using Guid(612aab361be61d446af9a2b81f5e3eab) Importer(815301076,1909f56bfc062723c751e8b465ee728b)  -> (artifact id: '2bef0f08e0c69d87ebf4adc688832f61') in 0.031590 seconds
  Import took 0.033699 seconds .

========================================================================
Received Import Request.
  Time since last request: 0.000286 seconds.
  path: Assets/Sprites/Bag.png
  artifactKey: Guid(4a591a4c79852fb4fae77f4288281ae7) Importer(815301076,1909f56bfc062723c751e8b465ee728b)
Start importing Assets/Sprites/Bag.png using Guid(4a591a4c79852fb4fae77f4288281ae7) Importer(815301076,1909f56bfc062723c751e8b465ee728b)  -> (artifact id: 'c6ee8407c2d3d3e135da2648a4fe749e') in 0.112796 seconds
  Import took 0.117530 seconds .

========================================================================
Received Import Request.
  Time since last request: 0.000528 seconds.
  path: Assets/Sprites/Box.PNG
  artifactKey: Guid(a494ae5ae43c5cc4bb34a8601002d4b5) Importer(815301076,1909f56bfc062723c751e8b465ee728b)
Start importing Assets/Sprites/Box.PNG using Guid(a494ae5ae43c5cc4bb34a8601002d4b5) Importer(815301076,1909f56bfc062723c751e8b465ee728b)  -> (artifact id: 'd4016136ca9185c730a7ad9a131cda2d') in 0.040244 seconds
  Import took 0.097080 seconds .

========================================================================
Received Import Request.
  Time since last request: 0.000263 seconds.
  path: Assets/Sprites/club.png
  artifactKey: Guid(e8f82207af3449447823ed6ba0c79f01) Importer(815301076,1909f56bfc062723c751e8b465ee728b)
Start importing Assets/Sprites/club.png using Guid(e8f82207af3449447823ed6ba0c79f01) Importer(815301076,1909f56bfc062723c751e8b465ee728b)  -> (artifact id: '6d2912f8d270c7466a3ce7a29a9c0388') in 0.056779 seconds
  Import took 0.059841 seconds .

AssetImportWorkerClient::OnTransportError - code=2 error=End of file
